{
    "capture_start_time": "2024-02-29T06:26:40Z",
    "vpc_crn": "crn:v1:bluemix:public:is:us-south:a/b79aed81dfd04a9da874275ee6f6ff50::vpc:r006-ed37a20e-4371-409d-a539-fab71db72fb8",
    "collector_crn": "crn:v1:bluemix:public:is:us-south:a/b79aed81dfd04a9da874275ee6f6ff50::flow-log-collector:r006-a5c55713-2861-46bd-b2ca-f17e4b399ab0",
    "version": "0.0.1",
    "instance_crn": "crn:v1:bluemix:public:is:us-south-1:a/b79aed81dfd04a9da874275ee6f6ff50::instance:0717_583b90e1-eee9-4004-9367-6409c2085022",
    "capture_end_time": "2024-02-29T06:31:40Z",
    "state": "ok",
    "network_interface_id": "0717-f1884497-bf0b-4ed1-98b0-ef7640f8b6b7",
    "attached_endpoint_type": "vnic",
    "start_time": "2024-02-29T06:27:39Z",
    "end_time": "2024-02-29T06:27:49Z",
    "connection_start_time": "2024-02-29T06:27:39Z",
    "direction": "O",
    "action": "accepted",
    "initiator_ip": "100.127.251.13",
    "target_ip": "168.61.215.74",
    "initiator_port": 58339,
    "target_port": 123,
    "transport_protocol": 17,
    "ether_type": "IPv4",
    "was_initiated": true,
    "was_terminated": true,
    "bytes_from_initiator": 90,
    "packets_from_initiator": 1,
    "bytes_from_target": 0,
    "packets_from_target": 0,
    "cumulative_bytes_from_initiator": 90,
    "cumulative_packets_from_initiator": 1,
    "cumulative_bytes_from_target": 0,
    "cumulative_packets_from_target": 0,
    "_app": "FLCE",
    "key": "ibm_vpc_flowlogs_v1/account=b79aed81dfd04a9da874275ee6f6ff50/region=us-south/vpc-id=crn%3Av1%3Abluemix%3Apublic%3Ais%3Aus-south%3Aa%2Fb79aed81dfd04a9da874275ee6f6ff50%3A%3Avpc%3Ar006-ed37a20e-4371-409d-a539-fab71db72fb8/subnet-id=crn%3Av1%3Abluemix%3Apublic%3Ais%3Aus-south-1%3Aa%2Fb79aed81dfd04a9da874275ee6f6ff50%3A%3Asubnet%3A0717-1c2e40d7-9f2a-4b7a-80b2-a838f1b72067/endpoint-type=vnics/instance-id=crn%3Av1%3Abluemix%3Apublic%3Ais%3Aus-south-1%3Aa%2Fb79aed81dfd04a9da874275ee6f6ff50%3A%3Ainstance%3A0717_583b90e1-eee9-4004-9367-6409c2085022/vnic-id=0717-f1884497-bf0b-4ed1-98b0-ef7640f8b6b7/record-type=egress/year=2024/month=02/day=29/hour=06/stream-id=20240229T060140Z/00000006.gz"
}